2025-08-17 15:00:43,061 - data_loader - INFO - Loading all datasets...
2025-08-17 15:00:43,061 - data_loader - INFO - Loading orders from olist_orders_dataset.csv
2025-08-17 15:00:43,244 - data_loader - INFO - Dataset orders loaded successfully with shape (99441, 8)
2025-08-17 15:00:43,244 - data_loader - INFO - Loaded orders: (99441, 8)
2025-08-17 15:00:43,244 - data_loader - INFO - Loading order_reviews from olist_order_reviews_dataset.csv
2025-08-17 15:00:43,383 - data_loader - INFO - Dataset order_reviews loaded successfully with shape (99224, 7)
2025-08-17 15:00:43,383 - data_loader - INFO - Loaded order_reviews: (99224, 7)
2025-08-17 15:00:43,383 - data_loader - INFO - Loading customers from olist_customers_dataset.csv
2025-08-17 15:00:43,445 - data_loader - INFO - Dataset customers loaded successfully with shape (99441, 5)
2025-08-17 15:00:43,445 - data_loader - INFO - Loaded customers: (99441, 5)
2025-08-17 15:00:43,445 - data_loader - INFO - Loading order_items from olist_order_items_dataset.csv
2025-08-17 15:00:43,552 - data_loader - INFO - Dataset order_items loaded successfully with shape (112650, 7)
2025-08-17 15:00:43,553 - data_loader - INFO - Loaded order_items: (112650, 7)
2025-08-17 15:00:43,553 - data_loader - INFO - Loading order_payments from olist_order_payments_dataset.csv
2025-08-17 15:00:43,590 - data_loader - INFO - Dataset order_payments loaded successfully with shape (103886, 5)
2025-08-17 15:00:43,590 - data_loader - INFO - Loaded order_payments: (103886, 5)
2025-08-17 15:00:43,590 - data_loader - INFO - Loading sellers from olist_sellers_dataset.csv
2025-08-17 15:00:43,593 - data_loader - INFO - Dataset sellers loaded successfully with shape (3095, 4)
2025-08-17 15:00:43,593 - data_loader - INFO - Loaded sellers: (3095, 4)
2025-08-17 15:00:43,593 - data_loader - INFO - Loading products from olist_products_dataset.csv
2025-08-17 15:00:43,609 - data_loader - INFO - Dataset products loaded successfully with shape (32951, 9)
2025-08-17 15:00:43,609 - data_loader - INFO - Loaded products: (32951, 9)
2025-08-17 15:00:43,609 - data_loader - INFO - Loading product_translation from product_category_name_translation.csv
2025-08-17 15:00:43,610 - data_loader - INFO - Dataset product_translation loaded successfully with shape (71, 2)
2025-08-17 15:00:43,610 - data_loader - INFO - Loaded product_translation: (71, 2)
2025-08-17 15:00:43,610 - data_loader - INFO - Loading geolocation from olist_geolocation_dataset.csv
2025-08-17 15:00:43,871 - data_loader - INFO - Dataset geolocation loaded successfully with shape (1000163, 5)
2025-08-17 15:00:43,871 - data_loader - INFO - Loaded geolocation: (1000163, 5)
2025-08-17 15:00:43,871 - data_loader - INFO - Validating dataset relationships...
2025-08-17 15:00:43,897 - data_loader - INFO - Orders with reviews: 98673/99441
2025-08-17 15:00:43,902 - data_loader - INFO - Orders with items: 98666/99441
