2025-08-16 22:41:24,298 - data_loader - INFO - Loading all datasets...
2025-08-16 22:41:24,298 - data_loader - INFO - Loading customers from /Users/suman/Documents/ZenoHealth2/olist_customers_dataset.csv
2025-08-16 22:41:24,358 - data_loader - INFO - Dataset customers loaded successfully with shape (99441, 5)
2025-08-16 22:41:24,359 - data_loader - INFO - Loaded customers: (99441, 5)
2025-08-16 22:41:24,359 - data_loader - INFO - Loading geolocation from /Users/suman/Documents/ZenoHealth2/olist_geolocation_dataset.csv
2025-08-16 22:41:24,621 - data_loader - INFO - Dataset geolocation loaded successfully with shape (1000163, 5)
2025-08-16 22:41:24,621 - data_loader - INFO - Loaded geolocation: (1000163, 5)
2025-08-16 22:41:24,621 - data_loader - INFO - Loading order_items from /Users/suman/Documents/ZenoHealth2/olist_order_items_dataset.csv
2025-08-16 22:41:24,725 - data_loader - INFO - Dataset order_items loaded successfully with shape (112650, 7)
2025-08-16 22:41:24,725 - data_loader - INFO - Loaded order_items: (112650, 7)
2025-08-16 22:41:24,725 - data_loader - INFO - Loading order_payments from /Users/suman/Documents/ZenoHealth2/olist_order_payments_dataset.csv
2025-08-16 22:41:24,763 - data_loader - INFO - Dataset order_payments loaded successfully with shape (103886, 5)
2025-08-16 22:41:24,763 - data_loader - INFO - Loaded order_payments: (103886, 5)
2025-08-16 22:41:24,763 - data_loader - INFO - Loading order_reviews from /Users/suman/Documents/ZenoHealth2/olist_order_reviews_dataset.csv
2025-08-16 22:41:24,901 - data_loader - INFO - Dataset order_reviews loaded successfully with shape (99224, 7)
2025-08-16 22:41:24,901 - data_loader - INFO - Loaded order_reviews: (99224, 7)
2025-08-16 22:41:24,901 - data_loader - INFO - Loading orders from /Users/suman/Documents/ZenoHealth2/olist_orders_dataset.csv
2025-08-16 22:41:25,086 - data_loader - INFO - Dataset orders loaded successfully with shape (99441, 8)
2025-08-16 22:41:25,086 - data_loader - INFO - Loaded orders: (99441, 8)
2025-08-16 22:41:25,086 - data_loader - INFO - Loading products from /Users/suman/Documents/ZenoHealth2/olist_products_dataset.csv
2025-08-16 22:41:25,102 - data_loader - INFO - Dataset products loaded successfully with shape (32951, 9)
2025-08-16 22:41:25,103 - data_loader - INFO - Loaded products: (32951, 9)
2025-08-16 22:41:25,103 - data_loader - INFO - Loading sellers from /Users/suman/Documents/ZenoHealth2/olist_sellers_dataset.csv
2025-08-16 22:41:25,104 - data_loader - INFO - Dataset sellers loaded successfully with shape (3095, 4)
2025-08-16 22:41:25,104 - data_loader - INFO - Loaded sellers: (3095, 4)
2025-08-16 22:41:25,104 - data_loader - INFO - Loading product_translation from /Users/suman/Documents/ZenoHealth2/product_category_name_translation.csv
2025-08-16 22:41:25,105 - data_loader - INFO - Dataset product_translation loaded successfully with shape (71, 2)
2025-08-16 22:41:25,105 - data_loader - INFO - Loaded product_translation: (71, 2)
2025-08-16 22:41:25,105 - data_loader - INFO - Validating dataset relationships...
2025-08-16 22:41:25,131 - data_loader - INFO - Orders with reviews: 98673/99441
2025-08-16 22:41:25,136 - data_loader - INFO - Orders with items: 98666/99441
