2025-08-16 22:04:10,623 - enhanced_main - INFO - Starting Enhanced Olist Review Score Prediction Pipeline with Advanced Visualizations...
2025-08-16 22:04:10,623 - enhanced_main - INFO - ==================================================
2025-08-16 22:04:10,623 - enhanced_main - INFO - STEP 1: DATA LOADING
2025-08-16 22:04:10,623 - enhanced_main - INFO - ==================================================
2025-08-16 22:04:11,491 - enhanced_main - INFO - ==================================================
2025-08-16 22:04:11,491 - enhanced_main - INFO - STEP 2: DATA QUALITY ANALYSIS
2025-08-16 22:04:11,491 - enhanced_main - INFO - ==================================================
2025-08-16 22:04:12,817 - enhanced_main - INFO - Data quality analysis completed (skipping JSON save)
2025-08-16 22:04:12,817 - enhanced_main - INFO - ==================================================
2025-08-16 22:04:12,817 - enhanced_main - INFO - STEP 3: DATA PREPROCESSING
2025-08-16 22:04:12,817 - enhanced_main - INFO - ==================================================
2025-08-16 22:04:32,970 - enhanced_main - INFO - Master dataset created: (99224, 44)
2025-08-16 22:04:33,327 - enhanced_main - INFO - Processed dataset ready: (94750, 57)
2025-08-16 22:04:33,327 - enhanced_main - INFO - Preprocessing completed (skipping JSON save)
2025-08-16 22:04:33,327 - enhanced_main - INFO - ==================================================
2025-08-16 22:04:33,327 - enhanced_main - INFO - STEP 4: FEATURE ENGINEERING
2025-08-16 22:04:33,327 - enhanced_main - INFO - ==================================================
2025-08-16 22:04:33,365 - enhanced_main - INFO - Feature engineering complete: (94750, 95)
2025-08-16 22:04:33,365 - enhanced_main - INFO - Feature descriptions obtained
2025-08-16 22:04:33,365 - enhanced_main - INFO - ==================================================
2025-08-16 22:04:33,365 - enhanced_main - INFO - STEP 5: MODEL TRAINING
2025-08-16 22:04:33,365 - enhanced_main - INFO - ==================================================
2025-08-16 22:04:48,511 - enhanced_main - INFO - ==================================================
2025-08-16 22:04:48,513 - enhanced_main - INFO - STEP 6: MODEL EVALUATION
2025-08-16 22:04:48,513 - enhanced_main - INFO - ==================================================
2025-08-16 22:04:48,821 - enhanced_main - INFO - Model evaluation completed
2025-08-16 22:04:48,821 - enhanced_main - INFO - ==================================================
2025-08-16 22:04:48,821 - enhanced_main - INFO - STEP 7: GENERATING ADVANCED VISUALIZATIONS
2025-08-16 22:04:48,821 - enhanced_main - INFO - ==================================================
2025-08-16 22:04:49,700 - enhanced_main - INFO - Generated 16 interactive charts for enhanced report
2025-08-16 22:04:49,700 - enhanced_main - INFO - ==================================================
2025-08-16 22:04:49,700 - enhanced_main - INFO - STEP 8: GENERATING ENHANCED HTML REPORT
2025-08-16 22:04:49,700 - enhanced_main - INFO - ==================================================
2025-08-16 22:04:50,212 - enhanced_main - ERROR - Enhanced pipeline execution failed: name 'OUTPUT_DIR' is not defined
