2025-08-16 22:01:21,317 - enhanced_main - INFO - Starting Enhanced Olist Review Score Prediction Pipeline with Advanced Visualizations...
2025-08-16 22:01:21,317 - enhanced_main - INFO - ==================================================
2025-08-16 22:01:21,317 - enhanced_main - INFO - STEP 1: DATA LOADING
2025-08-16 22:01:21,317 - enhanced_main - INFO - ==================================================
2025-08-16 22:01:22,157 - enhanced_main - INFO - ==================================================
2025-08-16 22:01:22,157 - enhanced_main - INFO - STEP 2: DATA QUALITY ANALYSIS
2025-08-16 22:01:22,157 - enhanced_main - INFO - ==================================================
2025-08-16 22:01:23,444 - enhanced_main - INFO - Data quality analysis completed (skipping JSON save)
2025-08-16 22:01:23,444 - enhanced_main - INFO - ==================================================
2025-08-16 22:01:23,444 - enhanced_main - INFO - STEP 3: DATA PREPROCESSING
2025-08-16 22:01:23,444 - enhanced_main - INFO - ==================================================
2025-08-16 22:01:45,753 - enhanced_main - INFO - Master dataset created: (99224, 44)
2025-08-16 22:01:46,117 - enhanced_main - INFO - Processed dataset ready: (94750, 57)
2025-08-16 22:01:46,117 - enhanced_main - INFO - Preprocessing completed (skipping JSON save)
2025-08-16 22:01:46,117 - enhanced_main - INFO - ==================================================
2025-08-16 22:01:46,117 - enhanced_main - INFO - STEP 4: FEATURE ENGINEERING
2025-08-16 22:01:46,117 - enhanced_main - INFO - ==================================================
2025-08-16 22:01:46,154 - enhanced_main - INFO - Feature engineering complete: (94750, 95)
2025-08-16 22:01:46,154 - enhanced_main - INFO - Feature descriptions obtained
2025-08-16 22:01:46,154 - enhanced_main - INFO - ==================================================
2025-08-16 22:01:46,154 - enhanced_main - INFO - STEP 5: MODEL TRAINING
2025-08-16 22:01:46,154 - enhanced_main - INFO - ==================================================
2025-08-16 22:02:01,232 - enhanced_main - INFO - ==================================================
2025-08-16 22:02:01,232 - enhanced_main - INFO - STEP 6: MODEL EVALUATION
2025-08-16 22:02:01,232 - enhanced_main - INFO - ==================================================
2025-08-16 22:02:01,569 - enhanced_main - INFO - Model evaluation completed
2025-08-16 22:02:01,569 - enhanced_main - INFO - ==================================================
2025-08-16 22:02:01,569 - enhanced_main - INFO - STEP 7: GENERATING ADVANCED VISUALIZATIONS
2025-08-16 22:02:01,569 - enhanced_main - INFO - ==================================================
2025-08-16 22:02:02,356 - enhanced_main - ERROR - Enhanced pipeline execution failed: The truth value of a DataFrame is ambiguous. Use a.empty, a.bool(), a.item(), a.any() or a.all().
