2025-08-16 22:03:14,331 - enhanced_main - INFO - Starting Enhanced Olist Review Score Prediction Pipeline with Advanced Visualizations...
2025-08-16 22:03:14,331 - enhanced_main - INFO - ==================================================
2025-08-16 22:03:14,331 - enhanced_main - INFO - STEP 1: DATA LOADING
2025-08-16 22:03:14,331 - enhanced_main - INFO - ==================================================
2025-08-16 22:03:15,260 - enhanced_main - INFO - ==================================================
2025-08-16 22:03:15,260 - enhanced_main - INFO - STEP 2: DATA QUALITY ANALYSIS
2025-08-16 22:03:15,260 - enhanced_main - INFO - ==================================================
2025-08-16 22:03:16,689 - enhanced_main - INFO - Data quality analysis completed (skipping JSON save)
2025-08-16 22:03:16,689 - enhanced_main - INFO - ==================================================
2025-08-16 22:03:16,689 - enhanced_main - INFO - STEP 3: DATA PREPROCESSING
2025-08-16 22:03:16,689 - enhanced_main - INFO - ==================================================
2025-08-16 22:03:36,409 - enhanced_main - INFO - Master dataset created: (99224, 44)
2025-08-16 22:03:36,762 - enhanced_main - INFO - Processed dataset ready: (94750, 57)
2025-08-16 22:03:36,762 - enhanced_main - INFO - Preprocessing completed (skipping JSON save)
2025-08-16 22:03:36,762 - enhanced_main - INFO - ==================================================
2025-08-16 22:03:36,762 - enhanced_main - INFO - STEP 4: FEATURE ENGINEERING
2025-08-16 22:03:36,762 - enhanced_main - INFO - ==================================================
2025-08-16 22:03:36,791 - enhanced_main - INFO - Feature engineering complete: (94750, 95)
2025-08-16 22:03:36,791 - enhanced_main - INFO - Feature descriptions obtained
2025-08-16 22:03:36,791 - enhanced_main - INFO - ==================================================
2025-08-16 22:03:36,792 - enhanced_main - INFO - STEP 5: MODEL TRAINING
2025-08-16 22:03:36,792 - enhanced_main - INFO - ==================================================
2025-08-16 22:03:52,472 - enhanced_main - INFO - ==================================================
2025-08-16 22:03:52,476 - enhanced_main - INFO - STEP 6: MODEL EVALUATION
2025-08-16 22:03:52,476 - enhanced_main - INFO - ==================================================
2025-08-16 22:03:52,821 - enhanced_main - INFO - Model evaluation completed
2025-08-16 22:03:52,821 - enhanced_main - INFO - ==================================================
2025-08-16 22:03:52,821 - enhanced_main - INFO - STEP 7: GENERATING ADVANCED VISUALIZATIONS
2025-08-16 22:03:52,821 - enhanced_main - INFO - ==================================================
2025-08-16 22:03:53,682 - enhanced_main - INFO - Generated 16 interactive charts for enhanced report
2025-08-16 22:03:53,682 - enhanced_main - INFO - ==================================================
2025-08-16 22:03:53,682 - enhanced_main - INFO - STEP 8: GENERATING ENHANCED HTML REPORT
2025-08-16 22:03:53,682 - enhanced_main - INFO - ==================================================
2025-08-16 22:03:54,200 - enhanced_main - ERROR - Enhanced pipeline execution failed: The truth value of a DataFrame is ambiguous. Use a.empty, a.bool(), a.item(), a.any() or a.all().
