2025-08-16 22:05:00,857 - enhanced_main - INFO - Starting Enhanced Olist Review Score Prediction Pipeline with Advanced Visualizations...
2025-08-16 22:05:00,857 - enhanced_main - INFO - ==================================================
2025-08-16 22:05:00,857 - enhanced_main - INFO - STEP 1: DATA LOADING
2025-08-16 22:05:00,857 - enhanced_main - INFO - ==================================================
2025-08-16 22:05:01,735 - enhanced_main - INFO - ==================================================
2025-08-16 22:05:01,735 - enhanced_main - INFO - STEP 2: DATA QUALITY ANALYSIS
2025-08-16 22:05:01,735 - enhanced_main - INFO - ==================================================
2025-08-16 22:05:03,059 - enhanced_main - INFO - Data quality analysis completed (skipping JSON save)
2025-08-16 22:05:03,059 - enhanced_main - INFO - ==================================================
2025-08-16 22:05:03,059 - enhanced_main - INFO - STEP 3: DATA PREPROCESSING
2025-08-16 22:05:03,059 - enhanced_main - INFO - ==================================================
2025-08-16 22:05:22,512 - enhanced_main - INFO - Master dataset created: (99224, 44)
2025-08-16 22:05:22,870 - enhanced_main - INFO - Processed dataset ready: (94750, 57)
2025-08-16 22:05:22,870 - enhanced_main - INFO - Preprocessing completed (skipping JSON save)
2025-08-16 22:05:22,870 - enhanced_main - INFO - ==================================================
2025-08-16 22:05:22,870 - enhanced_main - INFO - STEP 4: FEATURE ENGINEERING
2025-08-16 22:05:22,870 - enhanced_main - INFO - ==================================================
2025-08-16 22:05:22,903 - enhanced_main - INFO - Feature engineering complete: (94750, 95)
2025-08-16 22:05:22,903 - enhanced_main - INFO - Feature descriptions obtained
2025-08-16 22:05:22,903 - enhanced_main - INFO - ==================================================
2025-08-16 22:05:22,903 - enhanced_main - INFO - STEP 5: MODEL TRAINING
2025-08-16 22:05:22,903 - enhanced_main - INFO - ==================================================
2025-08-16 22:05:38,174 - enhanced_main - INFO - ==================================================
2025-08-16 22:05:38,176 - enhanced_main - INFO - STEP 6: MODEL EVALUATION
2025-08-16 22:05:38,176 - enhanced_main - INFO - ==================================================
2025-08-16 22:05:38,551 - enhanced_main - INFO - Model evaluation completed
2025-08-16 22:05:38,552 - enhanced_main - INFO - ==================================================
2025-08-16 22:05:38,552 - enhanced_main - INFO - STEP 7: GENERATING ADVANCED VISUALIZATIONS
2025-08-16 22:05:38,552 - enhanced_main - INFO - ==================================================
2025-08-16 22:05:39,414 - enhanced_main - INFO - Generated 16 interactive charts for enhanced report
2025-08-16 22:05:39,414 - enhanced_main - INFO - ==================================================
2025-08-16 22:05:39,414 - enhanced_main - INFO - STEP 8: GENERATING ENHANCED HTML REPORT
2025-08-16 22:05:39,414 - enhanced_main - INFO - ==================================================
2025-08-16 22:05:39,926 - enhanced_main - INFO - Enhanced HTML report with visualizations generated: /Users/suman/Documents/ZenoHealth2/output/enhanced_review_prediction_report.html
2025-08-16 22:05:39,926 - enhanced_main - INFO - Enhanced results prepared for HTML report
2025-08-16 22:05:39,926 - enhanced_main - INFO - ==================================================
2025-08-16 22:05:39,926 - enhanced_main - INFO - ENHANCED PIPELINE EXECUTION SUMMARY
2025-08-16 22:05:39,926 - enhanced_main - INFO - ==================================================
2025-08-16 22:05:39,926 - enhanced_main - INFO - Best Model: xgboost
2025-08-16 22:05:39,926 - enhanced_main - INFO - Test Accuracy: 0.8040
2025-08-16 22:05:39,926 - enhanced_main - INFO - Test AUC-ROC: 0.6645
2025-08-16 22:05:39,926 - enhanced_main - INFO - F1-Score: 0.8885
2025-08-16 22:05:39,926 - enhanced_main - INFO - Data Quality Issues Found: 7
2025-08-16 22:05:39,926 - enhanced_main - ERROR - Enhanced pipeline execution failed: 'exclusion_summary'
