2025-08-16 22:00:30,310 - enhanced_main - INFO - Starting Enhanced Olist Review Score Prediction Pipeline with Advanced Visualizations...
2025-08-16 22:00:30,310 - enhanced_main - INFO - ==================================================
2025-08-16 22:00:30,310 - enhanced_main - INFO - STEP 1: DATA LOADING
2025-08-16 22:00:30,310 - enhanced_main - INFO - ==================================================
2025-08-16 22:00:31,168 - enhanced_main - INFO - ==================================================
2025-08-16 22:00:31,168 - enhanced_main - INFO - STEP 2: DATA QUALITY ANALYSIS
2025-08-16 22:00:31,168 - enhanced_main - INFO - ==================================================
2025-08-16 22:00:32,515 - enhanced_main - INFO - Data quality analysis completed (skipping JSON save)
2025-08-16 22:00:32,515 - enhanced_main - INFO - ==================================================
2025-08-16 22:00:32,515 - enhanced_main - INFO - STEP 3: DATA PREPROCESSING
2025-08-16 22:00:32,516 - enhanced_main - INFO - ==================================================
2025-08-16 22:00:51,673 - enhanced_main - INFO - Master dataset created: (99224, 44)
2025-08-16 22:00:52,036 - enhanced_main - INFO - Processed dataset ready: (94750, 57)
2025-08-16 22:00:52,036 - enhanced_main - INFO - Preprocessing completed (skipping JSON save)
2025-08-16 22:00:52,036 - enhanced_main - INFO - ==================================================
2025-08-16 22:00:52,036 - enhanced_main - INFO - STEP 4: FEATURE ENGINEERING
2025-08-16 22:00:52,036 - enhanced_main - INFO - ==================================================
2025-08-16 22:00:52,073 - enhanced_main - INFO - Feature engineering complete: (94750, 95)
2025-08-16 22:00:52,073 - enhanced_main - INFO - Feature descriptions obtained
2025-08-16 22:00:52,073 - enhanced_main - INFO - ==================================================
2025-08-16 22:00:52,073 - enhanced_main - INFO - STEP 5: MODEL TRAINING
2025-08-16 22:00:52,073 - enhanced_main - INFO - ==================================================
2025-08-16 22:00:52,073 - enhanced_main - ERROR - Enhanced pipeline execution failed: "['review_score'] not found in axis"
